<?xml version="1.0" encoding="UTF-8"?>
<!-- Generated by org.testng.reporters.JUnitXMLReporter -->
<testsuite hostname="MT-5CD122JR0C" ignored="0" name="Test10" tests="2" failures="2" timestamp="2021-11-22T15:03:10 IST" time="61.371" errors="0">
  <testcase name="register" time="31.451" classname="com.comprehensive.testCases.RegisterationTest">
    <failure type="java.lang.AssertionError" message="expected [Gifts Online - Send Unique, Unusual Gifts in India, Buy Gifts– Bigsmall.in] but found [Create Account– Bigsmall.in]">
      <![CDATA[java.lang.AssertionError: expected [Gifts Online - Send Unique, Unusual Gifts in India, Buy Gifts– Bigsmall.in] but found [Create Account– Bigsmall.in]
at com.comprehensive.testCases.RegisterationTest.register(RegisterationTest.java:40)
at java.util.ArrayList.forEach(ArrayList.java:1259)
... Removed 33 stack frames]]>
    </failure>
  </testcase> <!-- register -->
  <testcase name="register" time="21.203" classname="com.comprehensive.testCases.RegisterationTest">
    <failure type="java.lang.IllegalArgumentException" message="Keys to send should be a not null CharSequence">
      <![CDATA[java.lang.IllegalArgumentException: Keys to send should be a not null CharSequence
at org.openqa.selenium.remote.RemoteWebElement.sendKeys(RemoteWebElement.java:97)
at org.openqa.selenium.support.pagefactory.internal.LocatingElementHandler.invoke(LocatingElementHandler.java:51)
at com.sun.proxy.$Proxy28.sendKeys(Unknown Source)
at com.comprehensive.testCases.RegisterationTest.register(RegisterationTest.java:30)
at java.util.ArrayList.forEach(ArrayList.java:1259)
... Removed 31 stack frames]]>
    </failure>
  </testcase> <!-- register -->
</testsuite> <!-- Test10 -->
